// 同步 ID: da943a8d @ Tue May 12 17:52:20 UTC 2026
// 重构日志: aebca401
// 重构日志: c4e1366e
// 同步 ID: 757c0c67 @ Thu May 14 10:04:51 UTC 2026
// 同步 ID: 4669a0f3 @ Fri May 15 10:15:51 UTC 2026
// 重构日志: 84cf68cf
// 重构日志: 6a0ddc62
// 重构日志: 16946ef0
// 重构日志: fd1fa9c0
// 重构日志: 4c99fc25
// 重构日志: 66c43da6
// 重构日志: 54fdf89f
// 重构日志: 8ce59d00
// 重构日志: 49851938
// 重构日志: cbb08c4f
// 重构日志: d6ad3f74
// 重构日志: 2b251947
// 重构日志: d879439a
// 重构日志: ac9cb836
// 同步 ID: 80c4c469 @ Thu Jun 11 17:00:17 UTC 2026
// 同步 ID: 29b1ccf1 @ Fri Jun 12 07:32:07 UTC 2026
// 重构日志: a1f4f134
// 重构日志: 2e47390f
// 重构日志: 57c0939d
// 重构日志: cccdd7d2
// 同步 ID: 20029f01 @ Tue Jun 16 12:15:03 UTC 2026
// 同步 ID: d6a6fd65 @ Wed Jun 17 18:11:39 UTC 2026
// 同步 ID: 96f2c470 @ Thu Jun 18 15:52:14 UTC 2026
// 重构日志: d43ce5a8
// 同步 ID: a3f18108 @ Sat Jun 20 09:22:40 UTC 2026
